<?xml version="1.0" encoding="UTF-8"?>
<!-- Generated by org.testng.reporters.JUnitXMLReporter -->
<testsuite hostname="user-PC" name="firefox testing" tests="1" failures="0" timestamp="24 Feb 2018 17:58:28 GMT" time="0.005" errors="0">
  <testcase name="@BeforeClass beforeClass" time="0.0" classname="data.Multibrowser">
    <failure type="org.testng.TestNGException" message="
Method beforeClass requires 1 parameters but 0 were supplied in the @Configuration annotation.">
      <![CDATA[org.testng.TestNGException: 
Method beforeClass requires 1 parameters but 0 were supplied in the @Configuration annotation.
... Removed 22 stack frames]]>
    </failure>
  </testcase> <!-- @BeforeClass beforeClass -->
  <testcase name="@AfterClass afterClass" time="0.0" classname="data.Multibrowser">
    <skipped/>
  </testcase> <!-- @AfterClass afterClass -->
  <testcase name="f" time="0.001" classname="data.Multibrowser">
    <skipped/>
  </testcase> <!-- f -->
</testsuite> <!-- firefox testing -->
